[INFO ] [2017-09-18 01:34:20] file: WebDriverUtils.java, class: com.epam.lab.seleniumframework.utils.WebDriverUtils, method: getWebDriverThreadLocal, line: 22, msg: Create instance
[INFO ] [2017-09-18 01:34:22] file: WebDriverUtils.java, class: com.epam.lab.seleniumframework.utils.WebDriverUtils, method: gotToURL, line: 46, msg: Navigating to https://www.google.com/intl/ua/gmail/about/ 
[INFO ] [2017-09-18 01:34:30] file: WebDriverUtils.java, class: com.epam.lab.seleniumframework.utils.WebDriverUtils, method: gotToURL, line: 46, msg: Navigating to https://accounts.google.com/AccountChooser?service=mail&continue=https://mail.google.com/mail/ 
[INFO ] [2017-09-18 01:34:55] file: WebDriverUtils.java, class: com.epam.lab.seleniumframework.utils.WebDriverUtils, method: gotToURL, line: 46, msg: Navigating to https://www.google.com/intl/ua/gmail/about/ 
[INFO ] [2017-09-18 01:35:00] file: WebDriverUtils.java, class: com.epam.lab.seleniumframework.utils.WebDriverUtils, method: gotToURL, line: 46, msg: Navigating to https://accounts.google.com/AccountChooser?service=mail&continue=https://mail.google.com/mail/ 
[INFO ] [2017-09-18 01:35:03] file: WebDriverUtils.java, class: com.epam.lab.seleniumframework.utils.WebDriverUtils, method: gotToURL, line: 46, msg: Navigating to https://www.google.com/intl/ua/gmail/about/ 
[INFO ] [2017-09-18 01:35:05] file: WebDriverUtils.java, class: com.epam.lab.seleniumframework.utils.WebDriverUtils, method: gotToURL, line: 46, msg: Navigating to https://accounts.google.com/AccountChooser?service=mail&continue=https://mail.google.com/mail/ 
[INFO ] [2017-09-18 01:38:34] file: WebDriverUtils.java, class: com.epam.lab.seleniumframework.utils.WebDriverUtils, method: getWebDriverThreadLocal, line: 23, msg: Create instance
[INFO ] [2017-09-18 01:38:34] file: WebDriverUtils.java, class: com.epam.lab.seleniumframework.utils.WebDriverUtils, method: getWebDriverThreadLocal, line: 23, msg: Create instance
[INFO ] [2017-09-18 01:38:34] file: WebDriverUtils.java, class: com.epam.lab.seleniumframework.utils.WebDriverUtils, method: getWebDriverThreadLocal, line: 23, msg: Create instance
[INFO ] [2017-09-18 01:38:36] file: WebDriverUtils.java, class: com.epam.lab.seleniumframework.utils.WebDriverUtils, method: getWebDriverThreadLocal, line: 17, msg: Try create instance
[INFO ] [2017-09-18 01:38:36] file: WebDriverUtils.java, class: com.epam.lab.seleniumframework.utils.WebDriverUtils, method: gotToURL, line: 47, msg: Navigating to https://www.google.com/intl/ua/gmail/about/ 
[INFO ] [2017-09-18 01:38:36] file: WebDriverUtils.java, class: com.epam.lab.seleniumframework.utils.WebDriverUtils, method: getWebDriverThreadLocal, line: 17, msg: Try create instance
[INFO ] [2017-09-18 01:38:36] file: WebDriverUtils.java, class: com.epam.lab.seleniumframework.utils.WebDriverUtils, method: gotToURL, line: 47, msg: Navigating to https://www.google.com/intl/ua/gmail/about/ 
[INFO ] [2017-09-18 01:38:36] file: WebDriverUtils.java, class: com.epam.lab.seleniumframework.utils.WebDriverUtils, method: getWebDriverThreadLocal, line: 17, msg: Try create instance
[INFO ] [2017-09-18 01:38:36] file: WebDriverUtils.java, class: com.epam.lab.seleniumframework.utils.WebDriverUtils, method: gotToURL, line: 47, msg: Navigating to https://www.google.com/intl/ua/gmail/about/ 
[INFO ] [2017-09-18 01:40:13] file: WebDriverUtils.java, class: com.epam.lab.seleniumframework.utils.WebDriverUtils, method: getWebDriverThreadLocal, line: 23, msg: Create instance
[INFO ] [2017-09-18 01:40:14] file: WebDriverUtils.java, class: com.epam.lab.seleniumframework.utils.WebDriverUtils, method: getWebDriverThreadLocal, line: 23, msg: Create instance
[INFO ] [2017-09-18 01:40:14] file: WebDriverUtils.java, class: com.epam.lab.seleniumframework.utils.WebDriverUtils, method: getWebDriverThreadLocal, line: 23, msg: Create instance
[INFO ] [2017-09-18 01:40:15] file: WebDriverUtils.java, class: com.epam.lab.seleniumframework.utils.WebDriverUtils, method: getWebDriverThreadLocal, line: 17, msg: Try create instance
[INFO ] [2017-09-18 01:40:15] file: WebDriverUtils.java, class: com.epam.lab.seleniumframework.utils.WebDriverUtils, method: gotToURL, line: 47, msg: Navigating to https://www.google.com/intl/ua/gmail/about/ 
[INFO ] [2017-09-18 01:40:16] file: WebDriverUtils.java, class: com.epam.lab.seleniumframework.utils.WebDriverUtils, method: getWebDriverThreadLocal, line: 17, msg: Try create instance
[INFO ] [2017-09-18 01:40:16] file: WebDriverUtils.java, class: com.epam.lab.seleniumframework.utils.WebDriverUtils, method: gotToURL, line: 47, msg: Navigating to https://www.google.com/intl/ua/gmail/about/ 
[INFO ] [2017-09-18 01:40:16] file: WebDriverUtils.java, class: com.epam.lab.seleniumframework.utils.WebDriverUtils, method: getWebDriverThreadLocal, line: 17, msg: Try create instance
[INFO ] [2017-09-18 01:40:16] file: WebDriverUtils.java, class: com.epam.lab.seleniumframework.utils.WebDriverUtils, method: gotToURL, line: 47, msg: Navigating to https://www.google.com/intl/ua/gmail/about/ 
[INFO ] [2017-09-18 01:45:37] file: WebDriverUtils.java, class: com.epam.lab.seleniumframework.utils.WebDriverUtils, method: getWebDriverThreadLocal, line: 23, msg: Create instance
[INFO ] [2017-09-18 01:45:37] file: WebDriverUtils.java, class: com.epam.lab.seleniumframework.utils.WebDriverUtils, method: getWebDriverThreadLocal, line: 23, msg: Create instance
[INFO ] [2017-09-18 01:45:37] file: WebDriverUtils.java, class: com.epam.lab.seleniumframework.utils.WebDriverUtils, method: getWebDriverThreadLocal, line: 23, msg: Create instance
[INFO ] [2017-09-18 01:45:39] file: WebDriverUtils.java, class: com.epam.lab.seleniumframework.utils.WebDriverUtils, method: getWebDriverThreadLocal, line: 17, msg: Try create instance
[INFO ] [2017-09-18 01:45:39] file: WebDriverUtils.java, class: com.epam.lab.seleniumframework.utils.WebDriverUtils, method: gotToURL, line: 47, msg: Navigating to https://www.google.com/intl/ua/gmail/about/ 
[INFO ] [2017-09-18 01:45:39] file: WebDriverUtils.java, class: com.epam.lab.seleniumframework.utils.WebDriverUtils, method: getWebDriverThreadLocal, line: 17, msg: Try create instance
[INFO ] [2017-09-18 01:45:39] file: WebDriverUtils.java, class: com.epam.lab.seleniumframework.utils.WebDriverUtils, method: gotToURL, line: 47, msg: Navigating to https://www.google.com/intl/ua/gmail/about/ 
[INFO ] [2017-09-18 01:45:40] file: WebDriverUtils.java, class: com.epam.lab.seleniumframework.utils.WebDriverUtils, method: getWebDriverThreadLocal, line: 17, msg: Try create instance
[INFO ] [2017-09-18 01:45:40] file: WebDriverUtils.java, class: com.epam.lab.seleniumframework.utils.WebDriverUtils, method: gotToURL, line: 47, msg: Navigating to https://www.google.com/intl/ua/gmail/about/ 
[INFO ] [2017-09-18 01:48:22] file: WebDriverUtils.java, class: com.epam.lab.seleniumframework.utils.WebDriverUtils, method: getWebDriverThreadLocal, line: 23, msg: Create instance
[INFO ] [2017-09-18 01:48:23] file: WebDriverUtils.java, class: com.epam.lab.seleniumframework.utils.WebDriverUtils, method: getWebDriverThreadLocal, line: 23, msg: Create instance
[INFO ] [2017-09-18 01:48:24] file: WebDriverUtils.java, class: com.epam.lab.seleniumframework.utils.WebDriverUtils, method: getWebDriverThreadLocal, line: 23, msg: Create instance
[INFO ] [2017-09-18 01:48:25] file: WebDriverUtils.java, class: com.epam.lab.seleniumframework.utils.WebDriverUtils, method: getWebDriverThreadLocal, line: 17, msg: Get instance
[INFO ] [2017-09-18 01:48:25] file: WebDriverUtils.java, class: com.epam.lab.seleniumframework.utils.WebDriverUtils, method: gotToURL, line: 47, msg: Navigating to https://www.google.com/intl/ua/gmail/about/ 
[INFO ] [2017-09-18 01:48:25] file: WebDriverUtils.java, class: com.epam.lab.seleniumframework.utils.WebDriverUtils, method: getWebDriverThreadLocal, line: 17, msg: Get instance
[INFO ] [2017-09-18 01:48:25] file: WebDriverUtils.java, class: com.epam.lab.seleniumframework.utils.WebDriverUtils, method: gotToURL, line: 47, msg: Navigating to https://www.google.com/intl/ua/gmail/about/ 
[INFO ] [2017-09-18 01:48:26] file: WebDriverUtils.java, class: com.epam.lab.seleniumframework.utils.WebDriverUtils, method: getWebDriverThreadLocal, line: 17, msg: Get instance
[INFO ] [2017-09-18 01:48:26] file: WebDriverUtils.java, class: com.epam.lab.seleniumframework.utils.WebDriverUtils, method: gotToURL, line: 47, msg: Navigating to https://www.google.com/intl/ua/gmail/about/ 
[INFO ] [2017-09-18 01:50:10] file: WebDriverUtils.java, class: com.epam.lab.seleniumframework.utils.WebDriverUtils, method: getWebDriverThreadLocal, line: 23, msg: Create instance
[INFO ] [2017-09-18 01:50:11] file: WebDriverUtils.java, class: com.epam.lab.seleniumframework.utils.WebDriverUtils, method: getWebDriverThreadLocal, line: 23, msg: Create instance
[INFO ] [2017-09-18 01:50:11] file: WebDriverUtils.java, class: com.epam.lab.seleniumframework.utils.WebDriverUtils, method: getWebDriverThreadLocal, line: 23, msg: Create instance
[INFO ] [2017-09-18 01:50:12] file: WebDriverUtils.java, class: com.epam.lab.seleniumframework.utils.WebDriverUtils, method: getWebDriverThreadLocal, line: 17, msg: Get instance
[INFO ] [2017-09-18 01:50:12] file: WebDriverUtils.java, class: com.epam.lab.seleniumframework.utils.WebDriverUtils, method: gotToURL, line: 47, msg: Navigating to https://www.google.com/intl/ua/gmail/about/ 
[INFO ] [2017-09-18 01:50:13] file: WebDriverUtils.java, class: com.epam.lab.seleniumframework.utils.WebDriverUtils, method: getWebDriverThreadLocal, line: 17, msg: Get instance
[INFO ] [2017-09-18 01:50:13] file: WebDriverUtils.java, class: com.epam.lab.seleniumframework.utils.WebDriverUtils, method: gotToURL, line: 47, msg: Navigating to https://www.google.com/intl/ua/gmail/about/ 
[INFO ] [2017-09-18 01:50:15] file: WebDriverUtils.java, class: com.epam.lab.seleniumframework.utils.WebDriverUtils, method: getWebDriverThreadLocal, line: 17, msg: Get instance
[INFO ] [2017-09-18 01:50:15] file: WebDriverUtils.java, class: com.epam.lab.seleniumframework.utils.WebDriverUtils, method: gotToURL, line: 47, msg: Navigating to https://www.google.com/intl/ua/gmail/about/ 
[INFO ] [2017-09-18 01:57:32] file: WebDriverUtils.java, class: com.epam.lab.seleniumframework.utils.WebDriverUtils, method: getWebDriverThreadLocal, line: 23, msg: Create instance
[INFO ] [2017-09-18 01:57:33] file: WebDriverUtils.java, class: com.epam.lab.seleniumframework.utils.WebDriverUtils, method: getWebDriverThreadLocal, line: 23, msg: Create instance
[INFO ] [2017-09-18 01:57:33] file: WebDriverUtils.java, class: com.epam.lab.seleniumframework.utils.WebDriverUtils, method: getWebDriverThreadLocal, line: 23, msg: Create instance
[INFO ] [2017-09-18 01:57:35] file: WebDriverUtils.java, class: com.epam.lab.seleniumframework.utils.WebDriverUtils, method: getWebDriverThreadLocal, line: 17, msg: Get instance
[INFO ] [2017-09-18 01:57:35] file: WebDriverUtils.java, class: com.epam.lab.seleniumframework.utils.WebDriverUtils, method: gotToURL, line: 47, msg: Navigating to https://www.google.com/intl/ua/gmail/about/ 
[INFO ] [2017-09-18 01:57:35] file: WebDriverUtils.java, class: com.epam.lab.seleniumframework.utils.WebDriverUtils, method: getWebDriverThreadLocal, line: 17, msg: Get instance
[INFO ] [2017-09-18 01:57:35] file: WebDriverUtils.java, class: com.epam.lab.seleniumframework.utils.WebDriverUtils, method: gotToURL, line: 47, msg: Navigating to https://www.google.com/intl/ua/gmail/about/ 
[INFO ] [2017-09-18 01:57:36] file: WebDriverUtils.java, class: com.epam.lab.seleniumframework.utils.WebDriverUtils, method: getWebDriverThreadLocal, line: 17, msg: Get instance
[INFO ] [2017-09-18 01:57:36] file: WebDriverUtils.java, class: com.epam.lab.seleniumframework.utils.WebDriverUtils, method: gotToURL, line: 47, msg: Navigating to https://www.google.com/intl/ua/gmail/about/ 
[INFO ] [2017-09-18 01:58:29] file: WebDriverUtils.java, class: com.epam.lab.seleniumframework.utils.WebDriverUtils, method: getWebDriverThreadLocal, line: 23, msg: Create instance
[INFO ] [2017-09-18 01:58:31] file: WebDriverUtils.java, class: com.epam.lab.seleniumframework.utils.WebDriverUtils, method: getWebDriverThreadLocal, line: 17, msg: Get instance
[INFO ] [2017-09-18 01:58:31] file: WebDriverUtils.java, class: com.epam.lab.seleniumframework.utils.WebDriverUtils, method: gotToURL, line: 47, msg: Navigating to https://www.google.com/intl/ua/gmail/about/ 
[INFO ] [2017-09-18 01:58:37] file: WebDriverUtils.java, class: com.epam.lab.seleniumframework.utils.WebDriverUtils, method: gotToURL, line: 47, msg: Navigating to https://accounts.google.com/AccountChooser?service=mail&continue=https://mail.google.com/mail/ 
[INFO ] [2017-09-18 01:58:40] file: WebDriverUtils.java, class: com.epam.lab.seleniumframework.utils.WebDriverUtils, method: getWebDriverThreadLocal, line: 17, msg: Get instance
[INFO ] [2017-09-18 01:58:41] file: WebDriverUtils.java, class: com.epam.lab.seleniumframework.utils.WebDriverUtils, method: getWebDriverThreadLocal, line: 17, msg: Get instance
[INFO ] [2017-09-18 01:58:41] file: WebDriverUtils.java, class: com.epam.lab.seleniumframework.utils.WebDriverUtils, method: getWebDriverThreadLocal, line: 17, msg: Get instance
[INFO ] [2017-09-18 01:58:42] file: WebDriverUtils.java, class: com.epam.lab.seleniumframework.utils.WebDriverUtils, method: getWebDriverThreadLocal, line: 17, msg: Get instance
[INFO ] [2017-09-18 01:58:42] file: WebDriverUtils.java, class: com.epam.lab.seleniumframework.utils.WebDriverUtils, method: getWebDriverThreadLocal, line: 17, msg: Get instance
[INFO ] [2017-09-18 01:58:43] file: WebDriverUtils.java, class: com.epam.lab.seleniumframework.utils.WebDriverUtils, method: getWebDriverThreadLocal, line: 17, msg: Get instance
[INFO ] [2017-09-18 01:58:44] file: WebDriverUtils.java, class: com.epam.lab.seleniumframework.utils.WebDriverUtils, method: getWebDriverThreadLocal, line: 17, msg: Get instance
[INFO ] [2017-09-18 01:58:44] file: WebDriverUtils.java, class: com.epam.lab.seleniumframework.utils.WebDriverUtils, method: getWebDriverThreadLocal, line: 17, msg: Get instance
[INFO ] [2017-09-18 01:58:44] file: WebDriverUtils.java, class: com.epam.lab.seleniumframework.utils.WebDriverUtils, method: getWebDriverThreadLocal, line: 17, msg: Get instance
[INFO ] [2017-09-18 01:58:45] file: WebDriverUtils.java, class: com.epam.lab.seleniumframework.utils.WebDriverUtils, method: getWebDriverThreadLocal, line: 17, msg: Get instance
[INFO ] [2017-09-18 01:58:58] file: WebDriverUtils.java, class: com.epam.lab.seleniumframework.utils.WebDriverUtils, method: getWebDriverThreadLocal, line: 17, msg: Get instance
[INFO ] [2017-09-18 01:58:58] file: WebDriverUtils.java, class: com.epam.lab.seleniumframework.utils.WebDriverUtils, method: getWebDriverThreadLocal, line: 17, msg: Get instance
[INFO ] [2017-09-18 01:58:58] file: WebDriverUtils.java, class: com.epam.lab.seleniumframework.utils.WebDriverUtils, method: gotToURL, line: 47, msg: Navigating to https://www.google.com/intl/ua/gmail/about/ 
[INFO ] [2017-09-18 01:58:58] file: WebDriverUtils.java, class: com.epam.lab.seleniumframework.utils.WebDriverUtils, method: getWebDriverThreadLocal, line: 17, msg: Get instance
[INFO ] [2017-09-18 01:58:58] file: WebDriverUtils.java, class: com.epam.lab.seleniumframework.utils.WebDriverUtils, method: getWebDriverThreadLocal, line: 17, msg: Get instance
[INFO ] [2017-09-18 01:58:58] file: WebDriverUtils.java, class: com.epam.lab.seleniumframework.utils.WebDriverUtils, method: gotToURL, line: 47, msg: Navigating to https://www.google.com/intl/ua/gmail/about/ 
[INFO ] [2017-09-18 02:01:21] file: DataUtils.java, class: com.epam.lab.seleniumframework.utils.DataUtils, method: getLettersFromXML, line: 40, msg: JAXBException : null
[INFO ] [2017-09-18 02:02:27] file: WebDriverUtils.java, class: com.epam.lab.seleniumframework.utils.WebDriverUtils, method: getWebDriverThreadLocal, line: 23, msg: Create instance
[INFO ] [2017-09-18 02:02:28] file: WebDriverUtils.java, class: com.epam.lab.seleniumframework.utils.WebDriverUtils, method: getWebDriverThreadLocal, line: 17, msg: Get instance
[INFO ] [2017-09-18 02:02:28] file: WebDriverUtils.java, class: com.epam.lab.seleniumframework.utils.WebDriverUtils, method: gotToURL, line: 47, msg: Navigating to https://www.google.com/intl/ua/gmail/about/ 
[INFO ] [2017-09-18 02:02:34] file: WebDriverUtils.java, class: com.epam.lab.seleniumframework.utils.WebDriverUtils, method: gotToURL, line: 47, msg: Navigating to https://accounts.google.com/AccountChooser?service=mail&continue=https://mail.google.com/mail/ 
[INFO ] [2017-09-18 02:02:37] file: WebDriverUtils.java, class: com.epam.lab.seleniumframework.utils.WebDriverUtils, method: getWebDriverThreadLocal, line: 17, msg: Get instance
[INFO ] [2017-09-18 02:02:38] file: WebDriverUtils.java, class: com.epam.lab.seleniumframework.utils.WebDriverUtils, method: getWebDriverThreadLocal, line: 17, msg: Get instance
[INFO ] [2017-09-18 02:02:38] file: WebDriverUtils.java, class: com.epam.lab.seleniumframework.utils.WebDriverUtils, method: getWebDriverThreadLocal, line: 17, msg: Get instance
[INFO ] [2017-09-18 02:02:38] file: WebDriverUtils.java, class: com.epam.lab.seleniumframework.utils.WebDriverUtils, method: getWebDriverThreadLocal, line: 17, msg: Get instance
[INFO ] [2017-09-18 02:02:39] file: WebDriverUtils.java, class: com.epam.lab.seleniumframework.utils.WebDriverUtils, method: getWebDriverThreadLocal, line: 17, msg: Get instance
[INFO ] [2017-09-18 02:02:39] file: WebDriverUtils.java, class: com.epam.lab.seleniumframework.utils.WebDriverUtils, method: getWebDriverThreadLocal, line: 17, msg: Get instance
[INFO ] [2017-09-18 02:02:40] file: WebDriverUtils.java, class: com.epam.lab.seleniumframework.utils.WebDriverUtils, method: getWebDriverThreadLocal, line: 17, msg: Get instance
[INFO ] [2017-09-18 02:02:40] file: WebDriverUtils.java, class: com.epam.lab.seleniumframework.utils.WebDriverUtils, method: getWebDriverThreadLocal, line: 17, msg: Get instance
[INFO ] [2017-09-18 02:02:40] file: WebDriverUtils.java, class: com.epam.lab.seleniumframework.utils.WebDriverUtils, method: getWebDriverThreadLocal, line: 17, msg: Get instance
[INFO ] [2017-09-18 02:02:41] file: WebDriverUtils.java, class: com.epam.lab.seleniumframework.utils.WebDriverUtils, method: getWebDriverThreadLocal, line: 17, msg: Get instance
[INFO ] [2017-09-18 02:03:08] file: WebDriverUtils.java, class: com.epam.lab.seleniumframework.utils.WebDriverUtils, method: getWebDriverThreadLocal, line: 17, msg: Get instance
[INFO ] [2017-09-18 02:03:08] file: WebDriverUtils.java, class: com.epam.lab.seleniumframework.utils.WebDriverUtils, method: getWebDriverThreadLocal, line: 17, msg: Get instance
[INFO ] [2017-09-18 02:03:08] file: WebDriverUtils.java, class: com.epam.lab.seleniumframework.utils.WebDriverUtils, method: gotToURL, line: 47, msg: Navigating to https://www.google.com/intl/ua/gmail/about/ 
[INFO ] [2017-09-18 02:04:10] file: WebDriverUtils.java, class: com.epam.lab.seleniumframework.utils.WebDriverUtils, method: getWebDriverThreadLocal, line: 23, msg: Create instance
[INFO ] [2017-09-18 02:04:12] file: WebDriverUtils.java, class: com.epam.lab.seleniumframework.utils.WebDriverUtils, method: getWebDriverThreadLocal, line: 17, msg: Get instance
[INFO ] [2017-09-18 02:04:12] file: WebDriverUtils.java, class: com.epam.lab.seleniumframework.utils.WebDriverUtils, method: gotToURL, line: 47, msg: Navigating to https://www.google.com/intl/ua/gmail/about/ 
[INFO ] [2017-09-18 02:04:18] file: WebDriverUtils.java, class: com.epam.lab.seleniumframework.utils.WebDriverUtils, method: gotToURL, line: 47, msg: Navigating to https://accounts.google.com/AccountChooser?service=mail&continue=https://mail.google.com/mail/ 
[INFO ] [2017-09-18 02:04:21] file: WebDriverUtils.java, class: com.epam.lab.seleniumframework.utils.WebDriverUtils, method: getWebDriverThreadLocal, line: 17, msg: Get instance
[INFO ] [2017-09-18 02:04:21] file: WebDriverUtils.java, class: com.epam.lab.seleniumframework.utils.WebDriverUtils, method: getWebDriverThreadLocal, line: 17, msg: Get instance
[INFO ] [2017-09-18 02:04:22] file: WebDriverUtils.java, class: com.epam.lab.seleniumframework.utils.WebDriverUtils, method: getWebDriverThreadLocal, line: 17, msg: Get instance
[INFO ] [2017-09-18 02:04:22] file: WebDriverUtils.java, class: com.epam.lab.seleniumframework.utils.WebDriverUtils, method: getWebDriverThreadLocal, line: 17, msg: Get instance
[INFO ] [2017-09-18 02:04:23] file: WebDriverUtils.java, class: com.epam.lab.seleniumframework.utils.WebDriverUtils, method: getWebDriverThreadLocal, line: 17, msg: Get instance
[INFO ] [2017-09-18 02:04:23] file: WebDriverUtils.java, class: com.epam.lab.seleniumframework.utils.WebDriverUtils, method: getWebDriverThreadLocal, line: 17, msg: Get instance
[INFO ] [2017-09-18 02:04:24] file: WebDriverUtils.java, class: com.epam.lab.seleniumframework.utils.WebDriverUtils, method: getWebDriverThreadLocal, line: 17, msg: Get instance
[INFO ] [2017-09-18 02:04:24] file: WebDriverUtils.java, class: com.epam.lab.seleniumframework.utils.WebDriverUtils, method: getWebDriverThreadLocal, line: 17, msg: Get instance
[INFO ] [2017-09-18 02:04:24] file: WebDriverUtils.java, class: com.epam.lab.seleniumframework.utils.WebDriverUtils, method: getWebDriverThreadLocal, line: 17, msg: Get instance
[INFO ] [2017-09-18 02:04:25] file: WebDriverUtils.java, class: com.epam.lab.seleniumframework.utils.WebDriverUtils, method: getWebDriverThreadLocal, line: 17, msg: Get instance
[INFO ] [2017-09-18 02:04:41] file: WebDriverUtils.java, class: com.epam.lab.seleniumframework.utils.WebDriverUtils, method: getWebDriverThreadLocal, line: 17, msg: Get instance
[INFO ] [2017-09-18 02:04:44] file: WebDriverUtils.java, class: com.epam.lab.seleniumframework.utils.WebDriverUtils, method: getWebDriverThreadLocal, line: 17, msg: Get instance
[INFO ] [2017-09-18 02:04:44] file: GmailHomePage.java, class: com.epam.lab.seleniumframework.pageobjects.GmailHomePage, method: isLoggedIn, line: 63, msg: User successfully logged in
[INFO ] [2017-09-18 02:04:45] file: WebDriverUtils.java, class: com.epam.lab.seleniumframework.utils.WebDriverUtils, method: getWebDriverThreadLocal, line: 17, msg: Get instance
[INFO ] [2017-09-18 02:04:45] file: WebDriverUtils.java, class: com.epam.lab.seleniumframework.utils.WebDriverUtils, method: getWebDriverThreadLocal, line: 17, msg: Get instance
[INFO ] [2017-09-18 02:04:45] file: WebDriverUtils.java, class: com.epam.lab.seleniumframework.utils.WebDriverUtils, method: getWebDriverThreadLocal, line: 17, msg: Get instance
[INFO ] [2017-09-18 02:04:54] file: WebDriverUtils.java, class: com.epam.lab.seleniumframework.utils.WebDriverUtils, method: getWebDriverThreadLocal, line: 17, msg: Get instance
[INFO ] [2017-09-18 02:04:56] file: WebDriverUtils.java, class: com.epam.lab.seleniumframework.utils.WebDriverUtils, method: getWebDriverThreadLocal, line: 17, msg: Get instance
[INFO ] [2017-09-18 02:04:56] file: WebDriverUtils.java, class: com.epam.lab.seleniumframework.utils.WebDriverUtils, method: getWebDriverThreadLocal, line: 17, msg: Get instance
[INFO ] [2017-09-18 02:04:56] file: WebDriverUtils.java, class: com.epam.lab.seleniumframework.utils.WebDriverUtils, method: gotToURL, line: 47, msg: Navigating to https://www.google.com/intl/ua/gmail/about/ 
[INFO ] [2017-09-18 02:05:00] file: WebDriverUtils.java, class: com.epam.lab.seleniumframework.utils.WebDriverUtils, method: gotToURL, line: 47, msg: Navigating to https://accounts.google.com/AccountChooser?service=mail&continue=https://mail.google.com/mail/ 
[INFO ] [2017-09-18 02:08:04] file: WebDriverUtils.java, class: com.epam.lab.seleniumframework.utils.WebDriverUtils, method: getWebDriverThreadLocal, line: 23, msg: Create instance
[INFO ] [2017-09-18 02:08:04] file: WebDriverUtils.java, class: com.epam.lab.seleniumframework.utils.WebDriverUtils, method: getWebDriverThreadLocal, line: 23, msg: Create instance
[INFO ] [2017-09-18 02:08:05] file: WebDriverUtils.java, class: com.epam.lab.seleniumframework.utils.WebDriverUtils, method: getWebDriverThreadLocal, line: 23, msg: Create instance
[INFO ] [2017-09-18 02:08:06] file: WebDriverUtils.java, class: com.epam.lab.seleniumframework.utils.WebDriverUtils, method: getWebDriverThreadLocal, line: 23, msg: Create instance
[INFO ] [2017-09-18 02:08:06] file: WebDriverUtils.java, class: com.epam.lab.seleniumframework.utils.WebDriverUtils, method: getWebDriverThreadLocal, line: 17, msg: Get instance
[INFO ] [2017-09-18 02:08:06] file: WebDriverUtils.java, class: com.epam.lab.seleniumframework.utils.WebDriverUtils, method: gotToURL, line: 47, msg: Navigating to https://www.google.com/intl/ua/gmail/about/ 
[INFO ] [2017-09-18 02:08:06] file: WebDriverUtils.java, class: com.epam.lab.seleniumframework.utils.WebDriverUtils, method: getWebDriverThreadLocal, line: 17, msg: Get instance
[INFO ] [2017-09-18 02:08:06] file: WebDriverUtils.java, class: com.epam.lab.seleniumframework.utils.WebDriverUtils, method: gotToURL, line: 47, msg: Navigating to https://www.google.com/intl/ua/gmail/about/ 
[INFO ] [2017-09-18 02:08:07] file: WebDriverUtils.java, class: com.epam.lab.seleniumframework.utils.WebDriverUtils, method: getWebDriverThreadLocal, line: 17, msg: Get instance
[INFO ] [2017-09-18 02:08:07] file: WebDriverUtils.java, class: com.epam.lab.seleniumframework.utils.WebDriverUtils, method: gotToURL, line: 47, msg: Navigating to https://www.google.com/intl/ua/gmail/about/ 
[INFO ] [2017-09-18 02:08:08] file: WebDriverUtils.java, class: com.epam.lab.seleniumframework.utils.WebDriverUtils, method: getWebDriverThreadLocal, line: 17, msg: Get instance
[INFO ] [2017-09-18 02:08:08] file: WebDriverUtils.java, class: com.epam.lab.seleniumframework.utils.WebDriverUtils, method: gotToURL, line: 47, msg: Navigating to https://www.google.com/intl/ua/gmail/about/ 
[INFO ] [2017-09-18 02:09:26] file: WebDriverUtils.java, class: com.epam.lab.seleniumframework.utils.WebDriverUtils, method: getWebDriverThreadLocal, line: 23, msg: Create instance
[INFO ] [2017-09-18 02:09:26] file: WebDriverUtils.java, class: com.epam.lab.seleniumframework.utils.WebDriverUtils, method: getWebDriverThreadLocal, line: 23, msg: Create instance
[INFO ] [2017-09-18 02:09:28] file: WebDriverUtils.java, class: com.epam.lab.seleniumframework.utils.WebDriverUtils, method: getWebDriverThreadLocal, line: 17, msg: Get instance
[INFO ] [2017-09-18 02:09:28] file: WebDriverUtils.java, class: com.epam.lab.seleniumframework.utils.WebDriverUtils, method: gotToURL, line: 47, msg: Navigating to https://www.google.com/intl/ua/gmail/about/ 
[INFO ] [2017-09-18 02:09:28] file: WebDriverUtils.java, class: com.epam.lab.seleniumframework.utils.WebDriverUtils, method: getWebDriverThreadLocal, line: 17, msg: Get instance
[INFO ] [2017-09-18 02:09:28] file: WebDriverUtils.java, class: com.epam.lab.seleniumframework.utils.WebDriverUtils, method: gotToURL, line: 47, msg: Navigating to https://www.google.com/intl/ua/gmail/about/ 
[INFO ] [2017-09-18 02:12:18] file: WebDriverUtils.java, class: com.epam.lab.seleniumframework.utils.WebDriverUtils, method: getWebDriverThreadLocal, line: 23, msg: Create instance
[INFO ] [2017-09-18 02:12:18] file: WebDriverUtils.java, class: com.epam.lab.seleniumframework.utils.WebDriverUtils, method: getWebDriverThreadLocal, line: 23, msg: Create instance
[INFO ] [2017-09-18 02:12:19] file: WebDriverUtils.java, class: com.epam.lab.seleniumframework.utils.WebDriverUtils, method: getWebDriverThreadLocal, line: 17, msg: Get instance
[INFO ] [2017-09-18 02:12:19] file: WebDriverUtils.java, class: com.epam.lab.seleniumframework.utils.WebDriverUtils, method: gotToURL, line: 47, msg: Navigating to https://www.google.com/intl/ua/gmail/about/ 
[INFO ] [2017-09-18 02:12:20] file: WebDriverUtils.java, class: com.epam.lab.seleniumframework.utils.WebDriverUtils, method: getWebDriverThreadLocal, line: 17, msg: Get instance
[INFO ] [2017-09-18 02:12:20] file: WebDriverUtils.java, class: com.epam.lab.seleniumframework.utils.WebDriverUtils, method: gotToURL, line: 47, msg: Navigating to https://www.google.com/intl/ua/gmail/about/ 
[INFO ] [2017-09-18 02:12:28] file: WebDriverUtils.java, class: com.epam.lab.seleniumframework.utils.WebDriverUtils, method: gotToURL, line: 47, msg: Navigating to https://accounts.google.com/AccountChooser?service=mail&continue=https://mail.google.com/mail/ 
[INFO ] [2017-09-18 02:12:33] file: WebDriverUtils.java, class: com.epam.lab.seleniumframework.utils.WebDriverUtils, method: getWebDriverThreadLocal, line: 17, msg: Get instance
[INFO ] [2017-09-18 02:12:33] file: WebDriverUtils.java, class: com.epam.lab.seleniumframework.utils.WebDriverUtils, method: getWebDriverThreadLocal, line: 17, msg: Get instance
[INFO ] [2017-09-18 02:12:33] file: WebDriverUtils.java, class: com.epam.lab.seleniumframework.utils.WebDriverUtils, method: getWebDriverThreadLocal, line: 17, msg: Get instance
[INFO ] [2017-09-18 02:12:34] file: WebDriverUtils.java, class: com.epam.lab.seleniumframework.utils.WebDriverUtils, method: getWebDriverThreadLocal, line: 17, msg: Get instance
[INFO ] [2017-09-18 02:12:35] file: WebDriverUtils.java, class: com.epam.lab.seleniumframework.utils.WebDriverUtils, method: getWebDriverThreadLocal, line: 17, msg: Get instance
[INFO ] [2017-09-18 02:12:35] file: WebDriverUtils.java, class: com.epam.lab.seleniumframework.utils.WebDriverUtils, method: getWebDriverThreadLocal, line: 17, msg: Get instance
[INFO ] [2017-09-18 02:12:36] file: WebDriverUtils.java, class: com.epam.lab.seleniumframework.utils.WebDriverUtils, method: getWebDriverThreadLocal, line: 17, msg: Get instance
[INFO ] [2017-09-18 02:12:36] file: WebDriverUtils.java, class: com.epam.lab.seleniumframework.utils.WebDriverUtils, method: getWebDriverThreadLocal, line: 17, msg: Get instance
[INFO ] [2017-09-18 02:12:36] file: WebDriverUtils.java, class: com.epam.lab.seleniumframework.utils.WebDriverUtils, method: getWebDriverThreadLocal, line: 17, msg: Get instance
[INFO ] [2017-09-18 02:12:37] file: WebDriverUtils.java, class: com.epam.lab.seleniumframework.utils.WebDriverUtils, method: getWebDriverThreadLocal, line: 17, msg: Get instance
[INFO ] [2017-09-18 02:12:47] file: WebDriverUtils.java, class: com.epam.lab.seleniumframework.utils.WebDriverUtils, method: getWebDriverThreadLocal, line: 17, msg: Get instance
[INFO ] [2017-09-18 02:13:52] file: WebDriverUtils.java, class: com.epam.lab.seleniumframework.utils.WebDriverUtils, method: getWebDriverThreadLocal, line: 23, msg: Create instance
[INFO ] [2017-09-18 02:13:52] file: WebDriverUtils.java, class: com.epam.lab.seleniumframework.utils.WebDriverUtils, method: getWebDriverThreadLocal, line: 23, msg: Create instance
[INFO ] [2017-09-18 02:13:54] file: WebDriverUtils.java, class: com.epam.lab.seleniumframework.utils.WebDriverUtils, method: getWebDriverThreadLocal, line: 17, msg: Get instance
[INFO ] [2017-09-18 02:13:54] file: WebDriverUtils.java, class: com.epam.lab.seleniumframework.utils.WebDriverUtils, method: gotToURL, line: 47, msg: Navigating to https://www.google.com/intl/ua/gmail/about/ 
[INFO ] [2017-09-18 02:13:54] file: WebDriverUtils.java, class: com.epam.lab.seleniumframework.utils.WebDriverUtils, method: getWebDriverThreadLocal, line: 17, msg: Get instance
[INFO ] [2017-09-18 02:13:54] file: WebDriverUtils.java, class: com.epam.lab.seleniumframework.utils.WebDriverUtils, method: gotToURL, line: 47, msg: Navigating to https://www.google.com/intl/ua/gmail/about/ 
[INFO ] [2017-09-18 02:14:04] file: WebDriverUtils.java, class: com.epam.lab.seleniumframework.utils.WebDriverUtils, method: gotToURL, line: 47, msg: Navigating to https://accounts.google.com/AccountChooser?service=mail&continue=https://mail.google.com/mail/ 
[INFO ] [2017-09-18 02:14:10] file: WebDriverUtils.java, class: com.epam.lab.seleniumframework.utils.WebDriverUtils, method: getWebDriverThreadLocal, line: 17, msg: Get instance
[INFO ] [2017-09-18 02:14:11] file: WebDriverUtils.java, class: com.epam.lab.seleniumframework.utils.WebDriverUtils, method: getWebDriverThreadLocal, line: 17, msg: Get instance
[INFO ] [2017-09-18 02:14:11] file: WebDriverUtils.java, class: com.epam.lab.seleniumframework.utils.WebDriverUtils, method: getWebDriverThreadLocal, line: 17, msg: Get instance
[INFO ] [2017-09-18 02:14:11] file: WebDriverUtils.java, class: com.epam.lab.seleniumframework.utils.WebDriverUtils, method: getWebDriverThreadLocal, line: 17, msg: Get instance
[INFO ] [2017-09-18 02:14:12] file: WebDriverUtils.java, class: com.epam.lab.seleniumframework.utils.WebDriverUtils, method: getWebDriverThreadLocal, line: 17, msg: Get instance
[INFO ] [2017-09-18 02:14:13] file: WebDriverUtils.java, class: com.epam.lab.seleniumframework.utils.WebDriverUtils, method: getWebDriverThreadLocal, line: 17, msg: Get instance
[INFO ] [2017-09-18 02:14:14] file: WebDriverUtils.java, class: com.epam.lab.seleniumframework.utils.WebDriverUtils, method: getWebDriverThreadLocal, line: 17, msg: Get instance
[INFO ] [2017-09-18 02:14:14] file: WebDriverUtils.java, class: com.epam.lab.seleniumframework.utils.WebDriverUtils, method: getWebDriverThreadLocal, line: 17, msg: Get instance
[INFO ] [2017-09-18 02:14:14] file: WebDriverUtils.java, class: com.epam.lab.seleniumframework.utils.WebDriverUtils, method: getWebDriverThreadLocal, line: 17, msg: Get instance
[INFO ] [2017-09-18 02:14:15] file: WebDriverUtils.java, class: com.epam.lab.seleniumframework.utils.WebDriverUtils, method: getWebDriverThreadLocal, line: 17, msg: Get instance
